TN:
SF:src\app.d.ts
FNF:0
FNH:0
LF:0
LH:0
BRF:0
BRH:0
end_of_record
TN:
SF:src\components\Icon.svelte
FN:5,(anonymous_13)
FNF:1
FNH:1
FNDA:477,(anonymous_13)
DA:2,477
DA:5,954
DA:6,474
LF:3
LH:3
BRDA:6,0,0,0
BRDA:6,0,1,0
BRDA:5,1,0,0
BRDA:5,1,1,0
BRDA:5,1,2,0
BRF:5
BRH:0
end_of_record
TN:
SF:src\components\Loader.svelte
FNF:0
FNH:0
DA:2,9
DA:3,9
DA:6,9
DA:7,9
DA:15,9
DA:17,9
LF:6
LH:6
BRDA:17,0,0,0
BRF:1
BRH:0
end_of_record
TN:
SF:src\components\Placeholder.svelte
FNF:0
FNH:0
DA:4,477
DA:7,477
DA:8,477
LF:3
LH:3
BRDA:7,0,0,3
BRDA:7,0,1,3
BRDA:7,0,2,3
BRF:3
BRH:3
end_of_record
TN:
SF:src\components\ProductItem.svelte
FNF:0
FNH:0
DA:8,477
DA:10,486
DA:11,540
DA:12,480
DA:14,477
DA:19,477
DA:23,718
DA:27,477
DA:28,477
DA:29,718
DA:30,59
DA:35,477
DA:36,4
DA:37,4
DA:38,4
DA:42,721
DA:43,477
DA:44,480
DA:45,721
LF:19
LH:19
BRDA:30,0,0,35
BRDA:30,0,1,0
BRDA:37,1,0,0
BRDA:37,2,0,0
BRDA:37,2,1,0
BRDA:29,3,0,94
BRDA:35,4,0,477
BRDA:35,4,1,0
BRDA:42,5,0,3
BRDA:42,6,0,241
BRDA:42,6,1,241
BRDA:45,7,0,3
BRDA:45,8,0,241
BRDA:45,8,1,241
BRF:14
BRH:9
end_of_record
TN:
SF:src\components\ProductList.svelte
FNF:0
FNH:0
DA:9,7
DA:12,7
DA:16,7
DA:17,14
DA:18,477
DA:22,1
LF:6
LH:6
BRDA:17,0,0,4
BRDA:17,0,1,1
BRF:2
BRH:2
end_of_record
TN:
SF:src\components\Search.svelte
FNF:0
FNH:0
DA:4,9
DA:6,9
DA:9,9
DA:10,9
DA:16,13
DA:18,1
LF:6
LH:6
BRDA:16,0,0,4
BRDA:16,0,1,4
BRF:2
BRH:2
end_of_record
TN:
SF:src\components\index.ts
FNF:0
FNH:0
LF:0
LH:0
BRF:0
BRH:0
end_of_record
TN:
SF:src\lib\cart.ts
FN:3,(anonymous_0)
FN:7,(anonymous_1)
FNF:2
FNH:2
FNDA:7,(anonymous_0)
FNDA:4,(anonymous_1)
DA:3,9
DA:4,7
DA:6,1
DA:7,4
LF:4
LH:4
BRF:0
BRH:0
end_of_record
TN:
SF:src\lib\index.ts
FNF:0
FNH:0
LF:0
LH:0
BRF:0
BRH:0
end_of_record
TN:
SF:src\lib\products.ts
FN:4,(anonymous_0)
FN:6,(anonymous_1)
FN:10,(anonymous_2)
FN:13,(anonymous_3)
FNF:4
FNH:4
FNDA:11,(anonymous_0)
FNDA:180,(anonymous_1)
FNDA:9,(anonymous_2)
FNDA:420,(anonymous_3)
DA:4,9
DA:5,11
DA:6,180
DA:10,9
DA:11,9
DA:13,420
LF:6
LH:6
BRDA:5,0,0,3
BRDA:5,0,1,8
BRF:2
BRH:2
end_of_record
TN:
SF:src\lib\store.ts
FN:7,(anonymous_0)
FNF:1
FNH:1
FNDA:9,(anonymous_0)
DA:3,9
DA:4,9
DA:5,9
DA:7,9
DA:8,9
DA:9,9
DA:10,7
DA:12,7
LF:8
LH:8
BRF:0
BRH:0
end_of_record
TN:
SF:src\models\Http.ts
FNF:0
FNH:0
LF:0
LH:0
BRF:0
BRH:0
end_of_record
TN:
SF:src\models\Product.ts
FNF:0
FNH:0
LF:0
LH:0
BRF:0
BRH:0
end_of_record
TN:
SF:src\models\index.ts
FNF:0
FNH:0
LF:0
LH:0
BRF:0
BRH:0
end_of_record
TN:
SF:src\routes\+layout.svelte
FNF:0
FNH:0
DA:10,13
DA:11,13
DA:14,9
DA:15,9
DA:18,1
DA:22,9
DA:23,9
DA:26,9
DA:29,25
DA:33,9
LF:10
LH:10
BRF:0
BRH:0
end_of_record
TN:
SF:src\routes\+page.svelte
FN:16,(anonymous_43)
FN:16,(anonymous_44)
FNF:2
FNH:1
FNDA:0,(anonymous_43)
FNDA:7,(anonymous_44)
DA:7,9
DA:10,9
DA:11,9
DA:13,9
DA:15,9
DA:16,16
DA:17,9
DA:20,7
DA:24,0
LF:9
LH:8
BRDA:20,0,0,7
BRDA:20,0,1,0
BRF:2
BRH:1
end_of_record
TN:
SF:src\utils\api.ts
FN:4,getFromApi
FN:6,(anonymous_1)
FN:7,(anonymous_2)
FN:11,(anonymous_3)
FN:12,(anonymous_4)
FNF:5
FNH:5
FNDA:16,getFromApi
FNDA:7,(anonymous_1)
FNDA:7,(anonymous_2)
FNDA:9,(anonymous_3)
FNDA:9,(anonymous_4)
DA:5,16
DA:7,7
DA:8,7
DA:12,9
DA:13,9
LF:5
LH:5
BRF:0
BRH:0
end_of_record
TN:
SF:src\utils\cart.ts
FNF:0
FNH:0
DA:1,9
LF:1
LH:1
BRF:0
BRH:0
end_of_record
TN:
SF:src\utils\products.ts
FNF:0
FNH:0
DA:1,9
LF:1
LH:1
BRF:0
BRH:0
end_of_record
TN:
SF:src\utils\helpers\checkImage.ts
FN:3,(anonymous_0)
FN:4,(anonymous_1)
FN:7,(anonymous_2)
FN:11,(anonymous_3)
FNF:4
FNH:4
FNDA:1195,(anonymous_0)
FNDA:1195,(anonymous_1)
FNDA:220,(anonymous_2)
FNDA:348,(anonymous_3)
DA:3,9
DA:4,1195
DA:5,1195
DA:7,1195
DA:8,220
DA:11,1195
DA:12,348
DA:15,1195
LF:8
LH:8
BRF:0
BRH:0
end_of_record
TN:
SF:src\utils\helpers\formatCurrency.ts
FN:1,(anonymous_0)
FNF:1
FNH:1
FNDA:477,(anonymous_0)
DA:1,9
DA:2,477
LF:2
LH:2
BRF:0
BRH:0
end_of_record
TN:
SF:src\utils\helpers\index.ts
FNF:0
FNH:0
LF:0
LH:0
BRF:0
BRH:0
end_of_record
