TN:
SF:src\app.d.ts
FNF:0
FNH:0
LF:0
LH:0
BRF:0
BRH:0
end_of_record
TN:
SF:src\components\Icon.svelte
FN:5,(anonymous_13)
FNF:1
FNH:1
FNDA:478,(anonymous_13)
DA:2,478
DA:5,956
DA:6,434
LF:3
LH:3
BRDA:6,0,0,0
BRDA:6,0,1,0
BRDA:5,1,0,0
BRDA:5,1,1,0
BRDA:5,1,2,0
BRF:5
BRH:0
end_of_record
TN:
SF:src\components\Loader.svelte
FNF:0
FNH:0
DA:2,9
DA:3,9
DA:6,9
DA:7,9
DA:15,9
DA:17,9
LF:6
LH:6
BRDA:17,0,0,0
BRF:1
BRH:0
end_of_record
TN:
SF:src\components\Placeholder.svelte
FNF:0
FNH:0
DA:4,478
DA:7,478
DA:8,478
LF:3
LH:3
BRDA:7,0,0,2
BRDA:7,0,1,2
BRDA:7,0,2,2
BRF:3
BRH:3
end_of_record
TN:
SF:src\components\ProductItem.svelte
FNF:0
FNH:0
DA:10,477
DA:12,486
DA:13,540
DA:14,480
DA:16,477
DA:21,477
DA:25,848
DA:29,477
DA:30,477
DA:31,848
DA:32,130
DA:37,477
DA:38,4
DA:39,4
DA:40,4
DA:44,851
DA:45,477
DA:46,480
DA:47,851
LF:19
LH:19
BRDA:32,0,0,36
BRDA:32,0,1,1
BRDA:39,1,0,0
BRDA:39,2,0,0
BRDA:39,2,1,0
BRDA:31,3,0,166
BRDA:37,4,0,477
BRDA:37,4,1,0
BRDA:44,5,0,3
BRDA:44,6,0,371
BRDA:44,6,1,371
BRDA:47,7,0,3
BRDA:47,8,0,371
BRDA:47,8,1,371
BRF:14
BRH:10
end_of_record
TN:
SF:src\components\ProductList.svelte
FNF:0
FNH:0
DA:10,7
DA:12,7
DA:15,7
DA:19,7
DA:20,14
DA:21,477
DA:25,1
LF:7
LH:7
BRDA:20,0,0,4
BRDA:20,0,1,1
BRF:2
BRH:2
end_of_record
TN:
SF:src\components\Search.svelte
FNF:0
FNH:0
DA:4,9
DA:6,9
DA:9,9
DA:10,9
DA:16,13
DA:18,1
LF:6
LH:6
BRDA:16,0,0,4
BRDA:16,0,1,4
BRF:2
BRH:2
end_of_record
TN:
SF:src\components\index.ts
FNF:0
FNH:0
LF:0
LH:0
BRF:0
BRH:0
end_of_record
TN:
SF:src\lib\cart.ts
FN:3,(anonymous_0)
FN:9,(anonymous_1)
FNF:2
FNH:2
FNDA:7,(anonymous_0)
FNDA:4,(anonymous_1)
DA:3,9
DA:6,7
DA:8,1
DA:9,4
LF:4
LH:4
BRF:0
BRH:0
end_of_record
TN:
SF:src\lib\index.ts
FNF:0
FNH:0
LF:0
LH:0
BRF:0
BRH:0
end_of_record
TN:
SF:src\lib\products.ts
FN:4,(anonymous_0)
FN:6,(anonymous_1)
FN:10,(anonymous_2)
FN:15,(anonymous_3)
FNF:4
FNH:4
FNDA:11,(anonymous_0)
FNDA:180,(anonymous_1)
FNDA:9,(anonymous_2)
FNDA:420,(anonymous_3)
DA:4,9
DA:5,11
DA:6,180
DA:10,9
DA:13,9
DA:15,420
LF:6
LH:6
BRDA:5,0,0,3
BRDA:5,0,1,8
BRF:2
BRH:2
end_of_record
TN:
SF:src\lib\store.ts
FN:7,(anonymous_0)
FNF:1
FNH:1
FNDA:9,(anonymous_0)
DA:3,9
DA:4,9
DA:5,9
DA:7,9
DA:8,9
DA:9,9
DA:10,7
DA:12,7
LF:8
LH:8
BRF:0
BRH:0
end_of_record
TN:
SF:src\models\Http.ts
FNF:0
FNH:0
LF:0
LH:0
BRF:0
BRH:0
end_of_record
TN:
SF:src\models\Product.ts
FNF:0
FNH:0
LF:0
LH:0
BRF:0
BRH:0
end_of_record
TN:
SF:src\models\index.ts
FNF:0
FNH:0
LF:0
LH:0
BRF:0
BRH:0
end_of_record
TN:
SF:src\routes\+layout.svelte
FNF:0
FNH:0
DA:10,13
DA:11,13
DA:14,9
DA:15,9
DA:18,1
DA:22,9
DA:23,9
DA:26,9
DA:29,25
DA:33,9
LF:10
LH:10
BRF:0
BRH:0
end_of_record
TN:
SF:src\routes\+page.svelte
FN:17,(anonymous_43)
FN:18,(anonymous_44)
FN:18,(anonymous_45)
FNF:3
FNH:2
FNDA:9,(anonymous_43)
FNDA:0,(anonymous_44)
FNDA:7,(anonymous_45)
DA:8,9
DA:9,9
DA:12,9
DA:13,9
DA:15,9
DA:17,18
DA:18,16
DA:19,9
DA:22,7
DA:26,0
LF:10
LH:9
BRDA:22,0,0,7
BRDA:22,0,1,0
BRF:2
BRH:1
end_of_record
TN:
SF:src\utils\helpers\checkImage.ts
FN:3,(anonymous_0)
FN:4,(anonymous_1)
FN:7,(anonymous_2)
FN:11,(anonymous_3)
FNF:4
FNH:4
FNDA:1325,(anonymous_0)
FNDA:1325,(anonymous_1)
FNDA:448,(anonymous_2)
FNDA:536,(anonymous_3)
DA:3,9
DA:4,1325
DA:5,1325
DA:7,1325
DA:8,448
DA:11,1325
DA:12,536
DA:15,1325
LF:8
LH:8
BRF:0
BRH:0
end_of_record
TN:
SF:src\utils\helpers\formatCurrency.ts
FN:1,(anonymous_0)
FNF:1
FNH:1
FNDA:477,(anonymous_0)
DA:1,9
DA:2,477
LF:2
LH:2
BRF:0
BRH:0
end_of_record
TN:
SF:src\utils\helpers\index.ts
FNF:0
FNH:0
LF:0
LH:0
BRF:0
BRH:0
end_of_record
